[05-Nov-2021 03:37:34 UTC] PHP Warning:  Undefined variable $contents in /repo/templates/super/transform.phtml on line 52
[05-Nov-2021 03:37:34 UTC] PHP Stack trace:
[05-Nov-2021 03:37:34 UTC] PHP   1. {main}() /repo/public/index.php:0
[05-Nov-2021 03:37:34 UTC] PHP   2. include() /repo/public/index.php:17
[05-Nov-2021 03:37:34 UTC] PHP   3. FileCMS\Common\View\Html->render($body = *uninitialized*) /repo/src/processing.php:16
[05-Nov-2021 03:37:34 UTC] PHP   4. FileCMS\Common\View\Html->runPhpFile($fn = '/repo/templates/super/transform.phtml') /repo/src/Common/View/Html.php:56
[05-Nov-2021 03:37:34 UTC] PHP   5. include() /repo/src/Common/View/Html.php:218
[06-Nov-2021 00:53:58 UTC] PHP Fatal error:  Uncaught ParseError: syntax error, unexpected token ";", expecting ")" in /repo/tests/Common/Transform/TransformTest.php:122
Stack trace:
#0 /repo/vendor/phpunit/phpunit/src/Util/FileLoader.php(49): PHPUnit\Util\FileLoader::load()
#1 /repo/vendor/phpunit/phpunit/src/Framework/TestSuite.php(402): PHPUnit\Util\FileLoader::checkAndLoad()
#2 /repo/vendor/phpunit/phpunit/src/Framework/TestSuite.php(530): PHPUnit\Framework\TestSuite->addTestFile()
#3 /repo/vendor/phpunit/phpunit/src/TextUI/TestSuiteMapper.php(67): PHPUnit\Framework\TestSuite->addTestFiles()
#4 /repo/vendor/phpunit/phpunit/src/TextUI/Command.php(390): PHPUnit\TextUI\TestSuiteMapper->map()
#5 /repo/vendor/phpunit/phpunit/src/TextUI/Command.php(111): PHPUnit\TextUI\Command->handleArguments()
#6 /repo/vendor/phpunit/phpunit/src/TextUI/Command.php(96): PHPUnit\TextUI\Command->run()
#7 /repo/vendor/phpunit/phpunit/phpunit(92): PHPUnit\TextUI\Command::main()
#8 {main}

Next PHPUnit\TextUI\RuntimeException: syntax error, unexpected token ";", expecting ")" in /repo/vendor/phpunit/phpunit/src/TextUI/Command.php:98
Stack trace:
#0 /repo/vendor/phpunit/phpunit/phpunit(92): PHPUnit\TextUI\Command::main()
#1 {main}
  thrown in /repo/vendor/phpunit/phpunit/src/TextUI/Command.php on line 98
[06-Nov-2021 00:54:00 UTC] PHP Fatal error:  Uncaught ParseError: syntax error, unexpected token ";", expecting ")" in /repo/tests/Common/Transform/TransformTest.php:122
Stack trace:
#0 /repo/vendor/phpunit/phpunit/src/Util/FileLoader.php(49): PHPUnit\Util\FileLoader::load()
#1 /repo/vendor/phpunit/phpunit/src/Framework/TestSuite.php(402): PHPUnit\Util\FileLoader::checkAndLoad()
#2 /repo/vendor/phpunit/phpunit/src/Framework/TestSuite.php(530): PHPUnit\Framework\TestSuite->addTestFile()
#3 /repo/vendor/phpunit/phpunit/src/Runner/BaseTestRunner.php(98): PHPUnit\Framework\TestSuite->addTestFiles()
#4 /repo/vendor/phpunit/phpunit/src/TextUI/Command.php(120): PHPUnit\Runner\BaseTestRunner->getTest()
#5 /repo/vendor/phpunit/phpunit/src/TextUI/Command.php(96): PHPUnit\TextUI\Command->run()
#6 /repo/vendor/phpunit/phpunit/phpunit(92): PHPUnit\TextUI\Command::main()
#7 {main}

Next PHPUnit\TextUI\RuntimeException: syntax error, unexpected token ";", expecting ")" in /repo/vendor/phpunit/phpunit/src/TextUI/Command.php:98
Stack trace:
#0 /repo/vendor/phpunit/phpunit/phpunit(92): PHPUnit\TextUI\Command::main()
#1 {main}
  thrown in /repo/vendor/phpunit/phpunit/src/TextUI/Command.php on line 98
[06-Nov-2021 00:58:26 UTC] PHP Fatal error:  Uncaught ParseError: syntax error, unexpected token ";", expecting ")" in /repo/tests/Common/Transform/TransformTest.php:122
Stack trace:
#0 phar:///repo/phpunit/phpunit/Util/FileLoader.php(43): PHPUnit\Util\FileLoader::load()
#1 phar:///repo/phpunit/phpunit/Framework/TestSuite.php(311): PHPUnit\Util\FileLoader::checkAndLoad()
#2 phar:///repo/phpunit/phpunit/Framework/TestSuite.php(394): PHPUnit\Framework\TestSuite->addTestFile()
#3 phar:///repo/phpunit/phpunit/TextUI/TestSuiteMapper.php(56): PHPUnit\Framework\TestSuite->addTestFiles()
#4 phar:///repo/phpunit/phpunit/TextUI/Command.php(304): PHPUnit\TextUI\TestSuiteMapper->map()
#5 phar:///repo/phpunit/phpunit/TextUI/Command.php(103): PHPUnit\TextUI\Command->handleArguments()
#6 phar:///repo/phpunit/phpunit/TextUI/Command.php(93): PHPUnit\TextUI\Command->run()
#7 /repo/phpunit(2281): PHPUnit\TextUI\Command::main()
#8 {main}

Next PHPUnit\TextUI\RuntimeException: syntax error, unexpected token ";", expecting ")" in phar:///repo/phpunit/phpunit/TextUI/Command.php:95
Stack trace:
#0 /repo/phpunit(2281): PHPUnit\TextUI\Command::main()
#1 {main}
  thrown in phar:///repo/phpunit/phpunit/TextUI/Command.php on line 95
[06-Nov-2021 00:58:30 UTC] PHP Fatal error:  Uncaught ParseError: syntax error, unexpected token ";", expecting ")" in /repo/tests/Common/Transform/TransformTest.php:122
Stack trace:
#0 phar:///repo/phpunit/phpunit/Util/FileLoader.php(43): PHPUnit\Util\FileLoader::load()
#1 phar:///repo/phpunit/phpunit/Framework/TestSuite.php(311): PHPUnit\Util\FileLoader::checkAndLoad()
#2 phar:///repo/phpunit/phpunit/Framework/TestSuite.php(394): PHPUnit\Framework\TestSuite->addTestFile()
#3 phar:///repo/phpunit/phpunit/Runner/BaseTestRunner.php(85): PHPUnit\Framework\TestSuite->addTestFiles()
#4 phar:///repo/phpunit/phpunit/TextUI/Command.php(108): PHPUnit\Runner\BaseTestRunner->getTest()
#5 phar:///repo/phpunit/phpunit/TextUI/Command.php(93): PHPUnit\TextUI\Command->run()
#6 /repo/phpunit(2281): PHPUnit\TextUI\Command::main()
#7 {main}

Next PHPUnit\TextUI\RuntimeException: syntax error, unexpected token ";", expecting ")" in phar:///repo/phpunit/phpunit/TextUI/Command.php:95
Stack trace:
#0 /repo/phpunit(2281): PHPUnit\TextUI\Command::main()
#1 {main}
  thrown in phar:///repo/phpunit/phpunit/TextUI/Command.php on line 95
[06-Nov-2021 01:02:43 UTC] PHP Fatal error:  Uncaught ParseError: syntax error, unexpected token ";", expecting ")" in /repo/tests/Common/Transform/TransformTest.php:122
Stack trace:
#0 /repo/vendor/phpunit/phpunit/src/Util/FileLoader.php(49): PHPUnit\Util\FileLoader::load()
#1 /repo/vendor/phpunit/phpunit/src/Framework/TestSuite.php(402): PHPUnit\Util\FileLoader::checkAndLoad()
#2 /repo/vendor/phpunit/phpunit/src/Framework/TestSuite.php(530): PHPUnit\Framework\TestSuite->addTestFile()
#3 /repo/vendor/phpunit/phpunit/src/Runner/BaseTestRunner.php(98): PHPUnit\Framework\TestSuite->addTestFiles()
#4 /repo/vendor/phpunit/phpunit/src/TextUI/Command.php(120): PHPUnit\Runner\BaseTestRunner->getTest()
#5 /repo/vendor/phpunit/phpunit/src/TextUI/Command.php(96): PHPUnit\TextUI\Command->run()
#6 /repo/vendor/phpunit/phpunit/phpunit(92): PHPUnit\TextUI\Command::main()
#7 {main}

Next PHPUnit\TextUI\RuntimeException: syntax error, unexpected token ";", expecting ")" in /repo/vendor/phpunit/phpunit/src/TextUI/Command.php:98
Stack trace:
#0 /repo/vendor/phpunit/phpunit/phpunit(92): PHPUnit\TextUI\Command::main()
#1 {main}
  thrown in /repo/vendor/phpunit/phpunit/src/TextUI/Command.php on line 98
[06-Nov-2021 01:03:19 UTC] PHP Fatal error:  Uncaught ParseError: syntax error, unexpected ';', expecting ')' in /home/ned/Repos/FileCMS/tests/Common/Transform/TransformTest.php:122
Stack trace:
#0 /home/ned/Repos/FileCMS/vendor/phpunit/phpunit/src/Util/FileLoader.php(49): PHPUnit\Util\FileLoader::load()
#1 /home/ned/Repos/FileCMS/vendor/phpunit/phpunit/src/Framework/TestSuite.php(402): PHPUnit\Util\FileLoader::checkAndLoad()
#2 /home/ned/Repos/FileCMS/vendor/phpunit/phpunit/src/Framework/TestSuite.php(530): PHPUnit\Framework\TestSuite->addTestFile()
#3 /home/ned/Repos/FileCMS/vendor/phpunit/phpunit/src/Runner/BaseTestRunner.php(98): PHPUnit\Framework\TestSuite->addTestFiles()
#4 /home/ned/Repos/FileCMS/vendor/phpunit/phpunit/src/TextUI/Command.php(120): PHPUnit\Runner\BaseTestRunner->getTest()
#5 /home/ned/Repos/FileCMS/vendor/phpunit/phpunit/src/TextUI/Command.php(96): PHPUnit\TextUI\Command->run()
#6 /home/ned/Repos/FileCMS/vendor/phpunit/phpunit/phpunit(92): PHPUnit\TextUI\Command::main()
#7 {main}

Next PHPUnit\TextUI\RuntimeException: syntax error in /home/ned/Repos/FileCMS/vendor/phpunit/phpunit/src/TextUI/Command.php on line 98
[06-Nov-2021 02:11:33 UTC] FileCMS\Common\Import\Import::import:file_get_contents(https://test.unlikelysource.com/does_not_exist.html): Failed to open stream: HTTP request failed! HTTP/1.1 404 Not Found

[06-Nov-2021 02:13:46 UTC] FileCMS\Common\Import\Import::import:file_get_contents(https://test.unlikelysource.com/does_not_exist.html): Failed to open stream: HTTP request failed! HTTP/1.1 404 Not Found

[06-Nov-2021 02:17:31 UTC] FileCMS\Common\Import\Import::import:file_get_contents(https://test.unlikelysource.com/does_not_exist.html): Failed to open stream: HTTP request failed! HTTP/1.1 404 Not Found

[06-Nov-2021 02:18:19 UTC] FileCMS\Common\Import\Import::import:file_get_contents(https://test.unlikelysource.com/does_not_exist.html): Failed to open stream: HTTP request failed! HTTP/1.1 404 Not Found

